<?xml version="1.0" encoding="UTF-8"?>
<!-- Generated by org.testng.reporters.JUnitReportReporter -->
<testsuite hostname="DESKTOP-GEA0L1L" failures="0" tests="1" name="Test.correctInputDate" time="0.944" errors="0" timestamp="2022-01-15T19:36:21 GMT-08:00" skipped="0">
  <testcase classname="Test.correctInputDate" name="correctInput" time="0.944"/>
  <system-out/>
</testsuite> <!-- Test.correctInputDate -->
